[debug] [2021-06-21T15:29:13.031Z] ----------------------------------------------------------------------
[debug] [2021-06-21T15:29:13.033Z] Command:       C:\Program Files\nodejs\node.exe C:\Users\kshit\AppData\Roaming\npm\node_modules\firebase-tools\lib\bin\firebase.js init
[debug] [2021-06-21T15:29:13.033Z] CLI Version:   9.13.1
[debug] [2021-06-21T15:29:13.033Z] Platform:      win32
[debug] [2021-06-21T15:29:13.033Z] Node Version:  v14.16.0
[debug] [2021-06-21T15:29:13.034Z] Time:          Mon Jun 21 2021 20:59:13 GMT+0530 (India Standard Time)
[debug] [2021-06-21T15:29:13.034Z] ----------------------------------------------------------------------
[debug] 
[debug] [2021-06-21T15:29:13.045Z] > command requires scopes: ["email","openid","https://www.googleapis.com/auth/cloudplatformprojects.readonly","https://www.googleapis.com/auth/firebase","https://www.googleapis.com/auth/cloud-platform"]
[debug] [2021-06-21T15:29:13.045Z] > authorizing via signed-in user (kshitijk3188@gmail.com)
[info] 
     ######## #### ########  ######## ########     ###     ######  ########
     ##        ##  ##     ## ##       ##     ##  ##   ##  ##       ##
     ######    ##  ########  ######   ########  #########  ######  ######
     ##        ##  ##    ##  ##       ##     ## ##     ##       ## ##
     ##       #### ##     ## ######## ########  ##     ##  ######  ########

You're about to initialize a Firebase project in this directory:

  C:\Users\kshit\Downloads\Projects\whatsapp-clone

Before we get started, keep in mind:

  * You are initializing within an existing Firebase project directory

[info] 
=== Project Setup
[info] 
[info] First, let's associate this project directory with a Firebase project.
[info] You can create multiple project aliases by running firebase use --add, 
[info] but for now we'll just set up a default project.
[info] 
[info] i  .firebaserc already has a default project, using whatsapp-web-app. 
[debug] [2021-06-21T15:29:42.096Z] >>> [apiv2][query] GET https://firebase.googleapis.com/v1beta1/projects/whatsapp-web-app [none]
[debug] [2021-06-21T15:29:43.009Z] <<< [apiv2][status] GET https://firebase.googleapis.com/v1beta1/projects/whatsapp-web-app 403
[debug] [2021-06-21T15:29:43.009Z] <<< [apiv2][body] GET https://firebase.googleapis.com/v1beta1/projects/whatsapp-web-app {"error":{"code":403,"message":"The caller does not have permission","status":"PERMISSION_DENIED"}}
[debug] [2021-06-21T15:29:43.009Z] HTTP Error: 403, The caller does not have permission
[debug] [2021-06-21T15:29:43.176Z] FirebaseError: HTTP Error: 403, The caller does not have permission
    at module.exports (C:\Users\kshit\AppData\Roaming\npm\node_modules\firebase-tools\lib\responseToError.js:38:12)
    at Client.doRequest (C:\Users\kshit\AppData\Roaming\npm\node_modules\firebase-tools\lib\apiv2.js:238:23)
    at processTicksAndRejections (internal/process/task_queues.js:93:5)
    at async Client.request (C:\Users\kshit\AppData\Roaming\npm\node_modules\firebase-tools\lib\apiv2.js:96:20)
    at async Object.getFirebaseProject (C:\Users\kshit\AppData\Roaming\npm\node_modules\firebase-tools\lib\management\projects.js:290:21)
    at async Object.doSetup [as project] (C:\Users\kshit\AppData\Roaming\npm\node_modules\firebase-tools\lib\init\features\project.js:77:27)
    at async init (C:\Users\kshit\AppData\Roaming\npm\node_modules\firebase-tools\lib\init\index.js:19:9)
[error] 
[error] Error: Failed to get Firebase project whatsapp-web-app. Please make sure the project exists and your account has permission to access it.
